# Logfile created on Tue Oct 06 14:55:57 +0400 2009  [4;36;1mSQL (0.0ms)[0m   [0;1mSET NAMES 'utf8'[0m
  [4;35;1mSQL (0.0ms)[0m   [0mSET SQL_AUTO_IS_NULL=0[0m


Processing OpinionsController#timeline (for 127.0.0.1 at 2009-10-06 14:56:13) [GET]
  [4;36;1mCache Columns (10.0ms)[0m   [0;1mSHOW FIELDS FROM `caches`[0m
  [4;35;1mCache Load (27.0ms)[0m   [0mSELECT * FROM `caches` WHERE (`caches`.`key` = 'ru|||opinions|||timeline') LIMIT 1[0m
  [4;36;1mOpinion Load (3.0ms)[0m   [0;1mSELECT * FROM `opinions` WHERE (`opinions`.`rating` = 1) ORDER BY created_at DESC LIMIT 5[0m
  [4;35;1mOpinion Load (3.0ms)[0m   [0mSELECT * FROM `opinions` WHERE (`opinions`.`rating` = -1) ORDER BY created_at DESC LIMIT 5[0m
  [4;36;1mOpinion Load (2.0ms)[0m   [0;1mSELECT * FROM `opinions` WHERE (`opinions`.`rating` = 0) ORDER BY created_at DESC LIMIT 5[0m
Rendering template within layouts/opinions
Rendering opinions/timeline
  [4;35;1mOpinion Columns (10.0ms)[0m   [0mSHOW FIELDS FROM `opinions`[0m
  [4;36;1mMovie Columns (8.0ms)[0m   [0;1mSHOW FIELDS FROM `movies`[0m
  [4;35;1mMovie Load (11.0ms)[0m   [0mSELECT * FROM `movies` WHERE (`movies`.`id` = 61) [0m
  [4;36;1mUser Columns (7.0ms)[0m   [0;1mSHOW FIELDS FROM `users`[0m
  [4;35;1mUser Load (15.0ms)[0m   [0mSELECT * FROM `users` WHERE (`users`.`id` = 1) [0m
  [4;36;1mMovie Load (1.0ms)[0m   [0;1mSELECT * FROM `movies` WHERE (`movies`.`id` = 24) [0m
  [4;35;1mCACHE (0.0ms)[0m   [0mSELECT * FROM `users` WHERE (`users`.`id` = 1) [0m
  [4;36;1mMovie Load (1.0ms)[0m   [0;1mSELECT * FROM `movies` WHERE (`movies`.`id` = 66) [0m
  [4;35;1mUser Load (1.0ms)[0m   [0mSELECT * FROM `users` WHERE (`users`.`id` = 9) [0m
  [4;36;1mMovie Load (1.0ms)[0m   [0;1mSELECT * FROM `movies` WHERE (`movies`.`id` = 64) [0m
  [4;35;1mCACHE (0.0ms)[0m   [0mSELECT * FROM `users` WHERE (`users`.`id` = 9) [0m
  [4;36;1mMovie Load (2.0ms)[0m   [0;1mSELECT * FROM `movies` WHERE (`movies`.`id` = 55) [0m
  [4;35;1mUser Load (2.0ms)[0m   [0mSELECT * FROM `users` WHERE (`users`.`id` = 13) [0m
  [4;36;1mCACHE (0.0ms)[0m   [0;1mSELECT * FROM `movies` WHERE (`movies`.`id` = 55) [0m
  [4;35;1mCACHE (0.0ms)[0m   [0mSELECT * FROM `users` WHERE (`users`.`id` = 1) [0m
  [4;36;1mMovie Load (1.0ms)[0m   [0;1mSELECT * FROM `movies` WHERE (`movies`.`id` = 45) [0m
  [4;35;1mCACHE (0.0ms)[0m   [0mSELECT * FROM `users` WHERE (`users`.`id` = 9) [0m
  [4;36;1mMovie Load (1.0ms)[0m   [0;1mSELECT * FROM `movies` WHERE (`movies`.`id` = 46) [0m
  [4;35;1mCACHE (0.0ms)[0m   [0mSELECT * FROM `users` WHERE (`users`.`id` = 13) [0m
  [4;36;1mMovie Load (1.0ms)[0m   [0;1mSELECT * FROM `movies` WHERE (`movies`.`id` = 35) [0m
  [4;35;1mUser Load (1.0ms)[0m   [0mSELECT * FROM `users` WHERE (`users`.`id` = 10) [0m
  [4;36;1mMovie Load (1.0ms)[0m   [0;1mSELECT * FROM `movies` WHERE (`movies`.`id` = 33) [0m
  [4;35;1mUser Load (1.0ms)[0m   [0mSELECT * FROM `users` WHERE (`users`.`id` = 7) [0m
  [4;36;1mMovie Load (3.0ms)[0m   [0;1mSELECT * FROM `movies` WHERE (`movies`.`id` = 19) [0m
  [4;35;1mCACHE (0.0ms)[0m   [0mSELECT * FROM `users` WHERE (`users`.`id` = 1) [0m
  [4;36;1mCACHE (0.0ms)[0m   [0;1mSELECT * FROM `movies` WHERE (`movies`.`id` = 64) [0m
  [4;35;1mCACHE (0.0ms)[0m   [0mSELECT * FROM `users` WHERE (`users`.`id` = 1) [0m
  [4;36;1mMovie Load (3.0ms)[0m   [0;1mSELECT * FROM `movies` WHERE (`movies`.`id` = 15) [0m
  [4;35;1mCACHE (0.0ms)[0m   [0mSELECT * FROM `users` WHERE (`users`.`id` = 9) [0m
  [4;36;1mCACHE (0.0ms)[0m   [0;1mSELECT * FROM `movies` WHERE (`movies`.`id` = 61) [0m
  [4;35;1mCACHE (0.0ms)[0m   [0mSELECT * FROM `users` WHERE (`users`.`id` = 13) [0m
  [4;36;1mMovie Load (1.0ms)[0m   [0;1mSELECT * FROM `movies` WHERE (`movies`.`id` = 53) [0m
  [4;35;1mCACHE (0.0ms)[0m   [0mSELECT * FROM `users` WHERE (`users`.`id` = 13) [0m
Rendered common/_navigation (15.0ms)
Rendered common/_search (62.0ms)
Rendered common/_langbar (6.0ms)
  [4;36;1mOpinion Load (1.0ms)[0m   [0;1mSELECT * FROM `opinions` ORDER BY created_at ASC LIMIT 1[0m
  [4;35;1mOpinion Load (3.0ms)[0m   [0mSELECT * FROM `opinions` ORDER BY created_at DESC LIMIT 5[0m
  [4;36;1mCACHE (0.0ms)[0m   [0;1mSELECT * FROM `movies` WHERE (`movies`.`id` = 19) [0m
  [4;35;1mCACHE (0.0ms)[0m   [0mSELECT * FROM `movies` WHERE (`movies`.`id` = 64) [0m
  [4;36;1mCACHE (0.0ms)[0m   [0;1mSELECT * FROM `movies` WHERE (`movies`.`id` = 61) [0m
  [4;35;1mCACHE (0.0ms)[0m   [0mSELECT * FROM `movies` WHERE (`movies`.`id` = 24) [0m
  [4;36;1mCACHE (0.0ms)[0m   [0;1mSELECT * FROM `movies` WHERE (`movies`.`id` = 66) [0m
Rendered common/_sidebar_last_opinions (1132.0ms)
Rendered common/_sidebar (1826.0ms)
Rendered common/_footer (172.0ms)
Completed in 5874ms (View: 4075, DB: 121) | 200 OK [http://ru.twiliked.net/timeline]
